2022-06-29 20:38:56.951  INFO 12016 --- [http-nio-8080-exec-10] c.academy.car_rental.aop.LoggingAspect   : Response for com.academy.car_rental.service.impl.OrderServiceImpl.findByUser Result =[]
2022-06-29 20:38:56.954  INFO 12016 --- [http-nio-8080-exec-10] c.academy.car_rental.aop.LoggingAspect   : Response for com.academy.car_rental.service.impl.UserServiceImpl.checkHasUserOrder Result =false
2022-06-29 20:38:56.954  INFO 12016 --- [http-nio-8080-exec-10] c.academy.car_rental.aop.LoggingAspect   : Request for com.academy.car_rental.service.impl.UserServiceImpl.delete() with arguments [s]=[5]
2022-06-29 20:38:56.961  INFO 12016 --- [http-nio-8080-exec-10] c.academy.car_rental.aop.LoggingAspect   : Response for com.academy.car_rental.controller.UserController.deleteUser 
2022-06-29 20:38:56.968  INFO 12016 --- [http-nio-8080-exec-7] c.academy.car_rental.aop.LoggingAspect   : Request for com.academy.car_rental.controller.UserController.userListByPage() 
2022-06-29 20:38:56.969  INFO 12016 --- [http-nio-8080-exec-7] c.academy.car_rental.aop.LoggingAspect   : Request for com.academy.car_rental.service.impl.UserServiceImpl.findAll() with arguments [s]=[1, id, asc]
2022-06-29 20:38:56.988  INFO 12016 --- [http-nio-8080-exec-7] c.academy.car_rental.aop.LoggingAspect   : Response for com.academy.car_rental.service.impl.UserServiceImpl.findAll Result =Page 1 of 2 containing com.academy.car_rental.model.entity.User instances
2022-06-29 20:38:56.988  INFO 12016 --- [http-nio-8080-exec-7] c.academy.car_rental.aop.LoggingAspect   : Response for com.academy.car_rental.controller.UserController.userListByPage 
2022-06-29 20:38:57.982  INFO 12016 --- [http-nio-8080-exec-1] c.academy.car_rental.aop.LoggingAspect   : Request for com.academy.car_rental.controller.UserController.deleteUser() 
2022-06-29 20:38:57.982  INFO 12016 --- [http-nio-8080-exec-1] c.academy.car_rental.aop.LoggingAspect   : Request for com.academy.car_rental.service.impl.UserServiceImpl.checkHasUserOrder() with arguments [s]=[6]
2022-06-29 20:38:57.999  INFO 12016 --- [http-nio-8080-exec-1] c.academy.car_rental.aop.LoggingAspect   : Request for com.academy.car_rental.service.impl.OrderServiceImpl.findByUser() with arguments [s]=[User(id=6, username=user123, password=$2a$12$vSKxjcVtwAXrVwjaCtf5duajtyJP8J5Re1gEHeiTaU2wHnTcF.Lm., name=Olia, surname=Jonh, email=nexai.max@gmail.com, phoneNumber=80293578546, verificationCode=null, verificationStatus=null, roles=[])]
2022-06-29 20:38:58.000  INFO 12016 --- [http-nio-8080-exec-1] c.academy.car_rental.aop.LoggingAspect   : Response for com.academy.car_rental.service.impl.OrderServiceImpl.findByUser Result =[]
2022-06-29 20:38:58.000  INFO 12016 --- [http-nio-8080-exec-1] c.academy.car_rental.aop.LoggingAspect   : Response for com.academy.car_rental.service.impl.UserServiceImpl.checkHasUserOrder Result =false
2022-06-29 20:38:58.001  INFO 12016 --- [http-nio-8080-exec-1] c.academy.car_rental.aop.LoggingAspect   : Request for com.academy.car_rental.service.impl.UserServiceImpl.delete() with arguments [s]=[6]
2022-06-29 20:38:58.005  INFO 12016 --- [http-nio-8080-exec-1] c.academy.car_rental.aop.LoggingAspect   : Response for com.academy.car_rental.controller.UserController.deleteUser 
2022-06-29 20:38:58.011  INFO 12016 --- [http-nio-8080-exec-9] c.academy.car_rental.aop.LoggingAspect   : Request for com.academy.car_rental.controller.UserController.userListByPage() 
2022-06-29 20:38:58.011  INFO 12016 --- [http-nio-8080-exec-9] c.academy.car_rental.aop.LoggingAspect   : Request for com.academy.car_rental.service.impl.UserServiceImpl.findAll() with arguments [s]=[1, id, asc]
2022-06-29 20:38:58.029  INFO 12016 --- [http-nio-8080-exec-9] c.academy.car_rental.aop.LoggingAspect   : Response for com.academy.car_rental.service.impl.UserServiceImpl.findAll Result =Page 1 of 1 containing com.academy.car_rental.model.entity.User instances
2022-06-29 20:38:58.029  INFO 12016 --- [http-nio-8080-exec-9] c.academy.car_rental.aop.LoggingAspect   : Response for com.academy.car_rental.controller.UserController.userListByPage 
2022-06-29 20:38:58.865  INFO 12016 --- [http-nio-8080-exec-8] c.academy.car_rental.aop.LoggingAspect   : Request for com.academy.car_rental.controller.UserController.deleteUser() 
2022-06-29 20:38:58.866  INFO 12016 --- [http-nio-8080-exec-8] c.academy.car_rental.aop.LoggingAspect   : Request for com.academy.car_rental.service.impl.UserServiceImpl.checkHasUserOrder() with arguments [s]=[21]
2022-06-29 20:38:58.877  INFO 12016 --- [http-nio-8080-exec-8] c.academy.car_rental.aop.LoggingAspect   : Request for com.academy.car_rental.service.impl.OrderServiceImpl.findByUser() with arguments [s]=[User(id=21, username=qwert, password=$2a$2a$12$BBAgDDolUFoBo3IxufNW8.Px/OlTDgt4vnKY3c2GWqt8n5/QOjATu, name=Igor123, surname=Igor123, email=volk@gmail.com, phoneNumber=80334567555, verificationCode=53ebe410-f7ea-4673-b8aa-f9da6fc10647, verificationStatus=true, roles=[])]
2022-06-29 20:38:58.878  INFO 12016 --- [http-nio-8080-exec-8] c.academy.car_rental.aop.LoggingAspect   : Response for com.academy.car_rental.service.impl.OrderServiceImpl.findByUser Result =[]
2022-06-29 20:38:58.878  INFO 12016 --- [http-nio-8080-exec-8] c.academy.car_rental.aop.LoggingAspect   : Response for com.academy.car_rental.service.impl.UserServiceImpl.checkHasUserOrder Result =false
2022-06-29 20:38:58.878  INFO 12016 --- [http-nio-8080-exec-8] c.academy.car_rental.aop.LoggingAspect   : Request for com.academy.car_rental.service.impl.UserServiceImpl.delete() with arguments [s]=[21]
2022-06-29 20:38:58.883  INFO 12016 --- [http-nio-8080-exec-8] c.academy.car_rental.aop.LoggingAspect   : Response for com.academy.car_rental.controller.UserController.deleteUser 
2022-06-29 20:38:58.889  INFO 12016 --- [http-nio-8080-exec-3] c.academy.car_rental.aop.LoggingAspect   : Request for com.academy.car_rental.controller.UserController.userListByPage() 
2022-06-29 20:38:58.889  INFO 12016 --- [http-nio-8080-exec-3] c.academy.car_rental.aop.LoggingAspect   : Request for com.academy.car_rental.service.impl.UserServiceImpl.findAll() with arguments [s]=[1, id, asc]
2022-06-29 20:38:58.906  INFO 12016 --- [http-nio-8080-exec-3] c.academy.car_rental.aop.LoggingAspect   : Response for com.academy.car_rental.service.impl.UserServiceImpl.findAll Result =Page 1 of 1 containing com.academy.car_rental.model.entity.User instances
2022-06-29 20:38:58.906  INFO 12016 --- [http-nio-8080-exec-3] c.academy.car_rental.aop.LoggingAspect   : Response for com.academy.car_rental.controller.UserController.userListByPage 
2022-06-29 20:39:00.020  INFO 12016 --- [http-nio-8080-exec-5] c.academy.car_rental.aop.LoggingAspect   : Request for com.academy.car_rental.controller.UserController.deleteUser() 
2022-06-29 20:39:00.021  INFO 12016 --- [http-nio-8080-exec-5] c.academy.car_rental.aop.LoggingAspect   : Request for com.academy.car_rental.service.impl.UserServiceImpl.checkHasUserOrder() with arguments [s]=[22]
2022-06-29 20:39:00.033  INFO 12016 --- [http-nio-8080-exec-5] c.academy.car_rental.aop.LoggingAspect   : Request for com.academy.car_rental.service.impl.OrderServiceImpl.findByUser() with arguments [s]=[User(id=22, username=qwe123, password=$2a$10$ZmZPZhTQ49zkJMjZGB/iYOXV3JRS40JGvR79jV0pSfVtZUTZbEo.6, name=qw, surname=qw, email=qw@gmail.com, phoneNumber=80334567555, verificationCode=null, verificationStatus=null, roles=[])]
2022-06-29 20:39:00.035  INFO 12016 --- [http-nio-8080-exec-5] c.academy.car_rental.aop.LoggingAspect   : Response for com.academy.car_rental.service.impl.OrderServiceImpl.findByUser Result =[]
2022-06-29 20:39:00.035  INFO 12016 --- [http-nio-8080-exec-5] c.academy.car_rental.aop.LoggingAspect   : Response for com.academy.car_rental.service.impl.UserServiceImpl.checkHasUserOrder Result =false
2022-06-29 20:39:00.035  INFO 12016 --- [http-nio-8080-exec-5] c.academy.car_rental.aop.LoggingAspect   : Request for com.academy.car_rental.service.impl.UserServiceImpl.delete() with arguments [s]=[22]
2022-06-29 20:39:00.039  INFO 12016 --- [http-nio-8080-exec-5] c.academy.car_rental.aop.LoggingAspect   : Response for com.academy.car_rental.controller.UserController.deleteUser 
2022-06-29 20:39:00.045  INFO 12016 --- [http-nio-8080-exec-10] c.academy.car_rental.aop.LoggingAspect   : Request for com.academy.car_rental.controller.UserController.userListByPage() 
2022-06-29 20:39:00.045  INFO 12016 --- [http-nio-8080-exec-10] c.academy.car_rental.aop.LoggingAspect   : Request for com.academy.car_rental.service.impl.UserServiceImpl.findAll() with arguments [s]=[1, id, asc]
2022-06-29 20:39:00.058  INFO 12016 --- [http-nio-8080-exec-10] c.academy.car_rental.aop.LoggingAspect   : Response for com.academy.car_rental.service.impl.UserServiceImpl.findAll Result =Page 1 of 1 containing com.academy.car_rental.model.entity.User instances
2022-06-29 20:39:00.058  INFO 12016 --- [http-nio-8080-exec-10] c.academy.car_rental.aop.LoggingAspect   : Response for com.academy.car_rental.controller.UserController.userListByPage 
2022-06-29 20:39:01.782  INFO 12016 --- [http-nio-8080-exec-4] c.academy.car_rental.aop.LoggingAspect   : Request for com.academy.car_rental.controller.UserController.deleteUser() 
2022-06-29 20:39:01.783  INFO 12016 --- [http-nio-8080-exec-4] c.academy.car_rental.aop.LoggingAspect   : Request for com.academy.car_rental.service.impl.UserServiceImpl.checkHasUserOrder() with arguments [s]=[29]
2022-06-29 20:39:01.797  INFO 12016 --- [http-nio-8080-exec-4] c.academy.car_rental.aop.LoggingAspect   : Request for com.academy.car_rental.service.impl.OrderServiceImpl.findByUser() with arguments [s]=[User(id=29, username=admin12345, password=$2a$10$k6jvsqowofF3xL1lbS25cO/lZ1hSplZ9WdMRkEsRDnqCLa1OZg6N., name=12345, surname=12345, email=123@gmail.com, phoneNumber=+375152693184, verificationCode=null, verificationStatus=null, roles=[])]
2022-06-29 20:39:01.798  INFO 12016 --- [http-nio-8080-exec-4] c.academy.car_rental.aop.LoggingAspect   : Response for com.academy.car_rental.service.impl.OrderServiceImpl.findByUser Result =[]
2022-06-29 20:39:01.799  INFO 12016 --- [http-nio-8080-exec-4] c.academy.car_rental.aop.LoggingAspect   : Response for com.academy.car_rental.service.impl.UserServiceImpl.checkHasUserOrder Result =false
2022-06-29 20:39:01.799  INFO 12016 --- [http-nio-8080-exec-4] c.academy.car_rental.aop.LoggingAspect   : Request for com.academy.car_rental.service.impl.UserServiceImpl.delete() with arguments [s]=[29]
2022-06-29 20:39:01.804  INFO 12016 --- [http-nio-8080-exec-4] c.academy.car_rental.aop.LoggingAspect   : Response for com.academy.car_rental.controller.UserController.deleteUser 
2022-06-29 20:39:01.810  INFO 12016 --- [http-nio-8080-exec-1] c.academy.car_rental.aop.LoggingAspect   : Request for com.academy.car_rental.controller.UserController.userListByPage() 
2022-06-29 20:39:01.810  INFO 12016 --- [http-nio-8080-exec-1] c.academy.car_rental.aop.LoggingAspect   : Request for com.academy.car_rental.service.impl.UserServiceImpl.findAll() with arguments [s]=[1, id, asc]
2022-06-29 20:39:01.821  INFO 12016 --- [http-nio-8080-exec-1] c.academy.car_rental.aop.LoggingAspect   : Response for com.academy.car_rental.service.impl.UserServiceImpl.findAll Result =Page 1 of 1 containing com.academy.car_rental.model.entity.User instances
2022-06-29 20:39:01.822  INFO 12016 --- [http-nio-8080-exec-1] c.academy.car_rental.aop.LoggingAspect   : Response for com.academy.car_rental.controller.UserController.userListByPage 
2022-06-29 20:39:07.789  INFO 12016 --- [http-nio-8080-exec-6] c.academy.car_rental.aop.LoggingAspect   : Request for com.academy.car_rental.controller.UserController.newUser() 
2022-06-29 20:39:07.790  INFO 12016 --- [http-nio-8080-exec-6] c.academy.car_rental.aop.LoggingAspect   : Response for com.academy.car_rental.controller.UserController.newUser 
2022-06-29 20:40:10.241  INFO 12016 --- [http-nio-8080-exec-5] c.academy.car_rental.aop.LoggingAspect   : Request for com.academy.car_rental.controller.UserController.registration() 
2022-06-29 20:40:10.243  INFO 12016 --- [http-nio-8080-exec-5] c.academy.car_rental.aop.LoggingAspect   : Request for com.academy.car_rental.service.impl.UserServiceImpl.findByEmail() with arguments [s]=[semen_semenich@gmail.com]
2022-06-29 20:40:10.257  INFO 12016 --- [http-nio-8080-exec-5] c.academy.car_rental.aop.LoggingAspect   : Request for com.academy.car_rental.service.impl.UserServiceImpl.findByUsername() with arguments [s]=[semen_semenich@gmail.com]
2022-06-29 20:40:10.259  INFO 12016 --- [http-nio-8080-exec-5] c.academy.car_rental.aop.LoggingAspect   : Request for com.academy.car_rental.service.impl.UserServiceImpl.save() with arguments [s]=[UserDto(id=null, username=semen-semenich, password=semen-semenich, name=semen, surname=semenich, phoneNumber=375152693184, email=semen_semenich@gmail.com, verificationStatus=null, roles=null)]
2022-06-29 20:40:10.259  INFO 12016 --- [http-nio-8080-exec-5] c.academy.car_rental.aop.LoggingAspect   : Request for com.academy.car_rental.service.impl.UUIDServiceImpl.getRandomString() with arguments [s]=[]
2022-06-29 20:40:10.261  INFO 12016 --- [http-nio-8080-exec-5] c.academy.car_rental.aop.LoggingAspect   : Response for com.academy.car_rental.service.impl.UUIDServiceImpl.getRandomString Result =21370b46-0974-4caf-8c52-b6f49046323b
2022-06-29 20:40:10.326  INFO 12016 --- [http-nio-8080-exec-5] c.academy.car_rental.aop.LoggingAspect   : Request for com.academy.car_rental.service.impl.EmailServiceImpl.sendEmail() with arguments [s]=[User(id=null, username=semen-semenich, password=$2a$10$TM/sDqqhpR6T/RVq5wvqi.A7T2BbiMmI0shUkA4DrW8TxozOMlmQ2, name=semen, surname=semenich, email=semen_semenich@gmail.com, phoneNumber=375152693184, verificationCode=21370b46-0974-4caf-8c52-b6f49046323b, verificationStatus=false, roles=null), http://localhost:8080]
2022-06-29 20:40:12.423  INFO 12016 --- [http-nio-8080-exec-5] c.academy.car_rental.aop.LoggingAspect   : Response for com.academy.car_rental.controller.UserController.registration 
2022-06-29 20:40:12.435  INFO 12016 --- [http-nio-8080-exec-10] c.academy.car_rental.aop.LoggingAspect   : Request for com.academy.car_rental.controller.UserController.userListByPage() 
2022-06-29 20:40:12.435  INFO 12016 --- [http-nio-8080-exec-10] c.academy.car_rental.aop.LoggingAspect   : Request for com.academy.car_rental.service.impl.UserServiceImpl.findAll() with arguments [s]=[1, id, asc]
2022-06-29 20:40:12.453  INFO 12016 --- [http-nio-8080-exec-10] c.academy.car_rental.aop.LoggingAspect   : Response for com.academy.car_rental.service.impl.UserServiceImpl.findAll Result =Page 1 of 1 containing com.academy.car_rental.model.entity.User instances
2022-06-29 20:40:12.453  INFO 12016 --- [http-nio-8080-exec-10] c.academy.car_rental.aop.LoggingAspect   : Response for com.academy.car_rental.controller.UserController.userListByPage 
2022-06-29 20:40:34.611  INFO 12016 --- [http-nio-8080-exec-4] c.academy.car_rental.aop.LoggingAspect   : Request for com.academy.car_rental.controller.UserController.newUser() 
2022-06-29 20:40:34.612  INFO 12016 --- [http-nio-8080-exec-4] c.academy.car_rental.aop.LoggingAspect   : Response for com.academy.car_rental.controller.UserController.newUser 
2022-06-29 20:41:16.109  INFO 12016 --- [http-nio-8080-exec-6] c.academy.car_rental.aop.LoggingAspect   : Request for com.academy.car_rental.controller.UserController.registration() 
2022-06-29 20:41:16.109  INFO 12016 --- [http-nio-8080-exec-6] c.academy.car_rental.aop.LoggingAspect   : Request for com.academy.car_rental.service.impl.UserServiceImpl.findByEmail() with arguments [s]=[irina1989@gmail.com]
2022-06-29 20:41:16.120  INFO 12016 --- [http-nio-8080-exec-6] c.academy.car_rental.aop.LoggingAspect   : Request for com.academy.car_rental.service.impl.UserServiceImpl.findByUsername() with arguments [s]=[irina1989@gmail.com]
2022-06-29 20:41:16.121  INFO 12016 --- [http-nio-8080-exec-6] c.academy.car_rental.aop.LoggingAspect   : Request for com.academy.car_rental.service.impl.UserServiceImpl.save() with arguments [s]=[UserDto(id=null, username=irina1989, password=irina1989, name=Irina, surname=Donec, phoneNumber=375295554236, email=irina1989@gmail.com, verificationStatus=null, roles=null)]
2022-06-29 20:41:16.121  INFO 12016 --- [http-nio-8080-exec-6] c.academy.car_rental.aop.LoggingAspect   : Request for com.academy.car_rental.service.impl.UUIDServiceImpl.getRandomString() with arguments [s]=[]
2022-06-29 20:41:16.121  INFO 12016 --- [http-nio-8080-exec-6] c.academy.car_rental.aop.LoggingAspect   : Response for com.academy.car_rental.service.impl.UUIDServiceImpl.getRandomString Result =d63fcf2c-ef8c-47c7-be52-83c164617690
2022-06-29 20:41:16.185  INFO 12016 --- [http-nio-8080-exec-6] c.academy.car_rental.aop.LoggingAspect   : Request for com.academy.car_rental.service.impl.EmailServiceImpl.sendEmail() with arguments [s]=[User(id=null, username=irina1989, password=$2a$10$jAReJMKV6A2I9qjE0FgcCOwRZ9.CN2dsYSvBOO1.M92TC0Zwfkne., name=Irina, surname=Donec, email=irina1989@gmail.com, phoneNumber=375295554236, verificationCode=d63fcf2c-ef8c-47c7-be52-83c164617690, verificationStatus=false, roles=null), http://localhost:8080]
2022-06-29 20:41:17.548  INFO 12016 --- [http-nio-8080-exec-6] c.academy.car_rental.aop.LoggingAspect   : Response for com.academy.car_rental.controller.UserController.registration 
2022-06-29 20:41:17.569  INFO 12016 --- [http-nio-8080-exec-8] c.academy.car_rental.aop.LoggingAspect   : Request for com.academy.car_rental.controller.UserController.userListByPage() 
2022-06-29 20:41:17.570  INFO 12016 --- [http-nio-8080-exec-8] c.academy.car_rental.aop.LoggingAspect   : Request for com.academy.car_rental.service.impl.UserServiceImpl.findAll() with arguments [s]=[1, id, asc]
2022-06-29 20:41:17.609  INFO 12016 --- [http-nio-8080-exec-8] c.academy.car_rental.aop.LoggingAspect   : Response for com.academy.car_rental.service.impl.UserServiceImpl.findAll Result =Page 1 of 1 containing com.academy.car_rental.model.entity.User instances
2022-06-29 20:41:17.609  INFO 12016 --- [http-nio-8080-exec-8] c.academy.car_rental.aop.LoggingAspect   : Response for com.academy.car_rental.controller.UserController.userListByPage 
2022-06-29 20:41:24.997  INFO 12016 --- [http-nio-8080-exec-2] c.academy.car_rental.aop.LoggingAspect   : Request for com.academy.car_rental.controller.UserController.newUser() 
2022-06-29 20:41:24.998  INFO 12016 --- [http-nio-8080-exec-2] c.academy.car_rental.aop.LoggingAspect   : Response for com.academy.car_rental.controller.UserController.newUser 
2022-06-29 20:42:26.684  INFO 12016 --- [http-nio-8080-exec-4] c.academy.car_rental.aop.LoggingAspect   : Request for com.academy.car_rental.controller.UserController.registration() 
2022-06-29 20:42:26.685  INFO 12016 --- [http-nio-8080-exec-4] c.academy.car_rental.aop.LoggingAspect   : Request for com.academy.car_rental.service.impl.UserServiceImpl.findByEmail() with arguments [s]=[kartashova_irina@gmail.com]
2022-06-29 20:42:26.695  INFO 12016 --- [http-nio-8080-exec-4] c.academy.car_rental.aop.LoggingAspect   : Request for com.academy.car_rental.service.impl.UserServiceImpl.findByUsername() with arguments [s]=[kartashova_irina@gmail.com]
2022-06-29 20:42:26.696  INFO 12016 --- [http-nio-8080-exec-4] c.academy.car_rental.aop.LoggingAspect   : Request for com.academy.car_rental.service.impl.UserServiceImpl.save() with arguments [s]=[UserDto(id=null, username=kartashova-irina, password=kartashova-irina, name=irina, surname=kartashova, phoneNumber=375295456123, email=kartashova_irina@gmail.com, verificationStatus=null, roles=null)]
2022-06-29 20:42:26.696  INFO 12016 --- [http-nio-8080-exec-4] c.academy.car_rental.aop.LoggingAspect   : Request for com.academy.car_rental.service.impl.UUIDServiceImpl.getRandomString() with arguments [s]=[]
2022-06-29 20:42:26.697  INFO 12016 --- [http-nio-8080-exec-4] c.academy.car_rental.aop.LoggingAspect   : Response for com.academy.car_rental.service.impl.UUIDServiceImpl.getRandomString Result =78072f9e-22b8-4b21-a9d5-1e1e4d40e174
2022-06-29 20:42:26.764  INFO 12016 --- [http-nio-8080-exec-4] c.academy.car_rental.aop.LoggingAspect   : Request for com.academy.car_rental.service.impl.EmailServiceImpl.sendEmail() with arguments [s]=[User(id=null, username=kartashova-irina, password=$2a$10$9.vpuG0LphnTRpEWCkqI3.mCw9.KfAXkIaaxZYTylsFxa2eX61KI2, name=irina, surname=kartashova, email=kartashova_irina@gmail.com, phoneNumber=375295456123, verificationCode=78072f9e-22b8-4b21-a9d5-1e1e4d40e174, verificationStatus=false, roles=null), http://localhost:8080]
2022-06-29 20:42:28.118  INFO 12016 --- [http-nio-8080-exec-4] c.academy.car_rental.aop.LoggingAspect   : Response for com.academy.car_rental.controller.UserController.registration 
2022-06-29 20:42:28.140  INFO 12016 --- [http-nio-8080-exec-1] c.academy.car_rental.aop.LoggingAspect   : Request for com.academy.car_rental.controller.UserController.userListByPage() 
2022-06-29 20:42:28.140  INFO 12016 --- [http-nio-8080-exec-1] c.academy.car_rental.aop.LoggingAspect   : Request for com.academy.car_rental.service.impl.UserServiceImpl.findAll() with arguments [s]=[1, id, asc]
2022-06-29 20:42:28.185  INFO 12016 --- [http-nio-8080-exec-1] c.academy.car_rental.aop.LoggingAspect   : Response for com.academy.car_rental.service.impl.UserServiceImpl.findAll Result =Page 1 of 1 containing com.academy.car_rental.model.entity.User instances
2022-06-29 20:42:28.185  INFO 12016 --- [http-nio-8080-exec-1] c.academy.car_rental.aop.LoggingAspect   : Response for com.academy.car_rental.controller.UserController.userListByPage 
2022-06-29 20:43:10.060  INFO 12016 --- [http-nio-8080-exec-6] c.academy.car_rental.aop.LoggingAspect   : Request for com.academy.car_rental.controller.UserController.newUser() 
2022-06-29 20:43:10.060  INFO 12016 --- [http-nio-8080-exec-6] c.academy.car_rental.aop.LoggingAspect   : Response for com.academy.car_rental.controller.UserController.newUser 
2022-06-29 20:43:48.219  INFO 12016 --- [http-nio-8080-exec-2] c.academy.car_rental.aop.LoggingAspect   : Request for com.academy.car_rental.controller.UserController.registration() 
2022-06-29 20:43:48.219  INFO 12016 --- [http-nio-8080-exec-2] c.academy.car_rental.aop.LoggingAspect   : Request for com.academy.car_rental.service.impl.UserServiceImpl.findByEmail() with arguments [s]=[natasanka@yandex.ru]
2022-06-29 20:43:48.230  INFO 12016 --- [http-nio-8080-exec-2] c.academy.car_rental.aop.LoggingAspect   : Request for com.academy.car_rental.service.impl.UserServiceImpl.findByUsername() with arguments [s]=[natasanka@yandex.ru]
2022-06-29 20:43:48.231  INFO 12016 --- [http-nio-8080-exec-2] c.academy.car_rental.aop.LoggingAspect   : Request for com.academy.car_rental.service.impl.UserServiceImpl.save() with arguments [s]=[UserDto(id=null, username=natasanka, password=natasanka, name=natasanka, surname=Gaydel, phoneNumber=80297894561, email=natasanka@yandex.ru, verificationStatus=null, roles=null)]
2022-06-29 20:43:48.231  INFO 12016 --- [http-nio-8080-exec-2] c.academy.car_rental.aop.LoggingAspect   : Request for com.academy.car_rental.service.impl.UUIDServiceImpl.getRandomString() with arguments [s]=[]
2022-06-29 20:43:48.231  INFO 12016 --- [http-nio-8080-exec-2] c.academy.car_rental.aop.LoggingAspect   : Response for com.academy.car_rental.service.impl.UUIDServiceImpl.getRandomString Result =61a584ce-fe8c-4e19-8e89-9ecac100d9c3
2022-06-29 20:43:48.295  INFO 12016 --- [http-nio-8080-exec-2] c.academy.car_rental.aop.LoggingAspect   : Request for com.academy.car_rental.service.impl.EmailServiceImpl.sendEmail() with arguments [s]=[User(id=null, username=natasanka, password=$2a$10$1B6zU60zX8PlQ9uJ2JxioOTvqgikSDp6e8yF/74KfBixWzqH6WSky, name=natasanka, surname=Gaydel, email=natasanka@yandex.ru, phoneNumber=80297894561, verificationCode=61a584ce-fe8c-4e19-8e89-9ecac100d9c3, verificationStatus=false, roles=null), http://localhost:8080]
2022-06-29 20:43:49.576  INFO 12016 --- [http-nio-8080-exec-2] c.academy.car_rental.aop.LoggingAspect   : Response for com.academy.car_rental.controller.UserController.registration 
2022-06-29 20:43:49.590  INFO 12016 --- [http-nio-8080-exec-5] c.academy.car_rental.aop.LoggingAspect   : Request for com.academy.car_rental.controller.UserController.userListByPage() 
2022-06-29 20:43:49.591  INFO 12016 --- [http-nio-8080-exec-5] c.academy.car_rental.aop.LoggingAspect   : Request for com.academy.car_rental.service.impl.UserServiceImpl.findAll() with arguments [s]=[1, id, asc]
2022-06-29 20:43:49.636  INFO 12016 --- [http-nio-8080-exec-5] c.academy.car_rental.aop.LoggingAspect   : Response for com.academy.car_rental.service.impl.UserServiceImpl.findAll Result =Page 1 of 2 containing com.academy.car_rental.model.entity.User instances
2022-06-29 20:43:49.637  INFO 12016 --- [http-nio-8080-exec-5] c.academy.car_rental.aop.LoggingAspect   : Response for com.academy.car_rental.controller.UserController.userListByPage 
2022-06-29 20:43:54.257  INFO 12016 --- [http-nio-8080-exec-7] c.academy.car_rental.aop.LoggingAspect   : Request for com.academy.car_rental.controller.UserController.userListByPage() 
2022-06-29 20:43:54.257  INFO 12016 --- [http-nio-8080-exec-7] c.academy.car_rental.aop.LoggingAspect   : Request for com.academy.car_rental.service.impl.UserServiceImpl.findAll() with arguments [s]=[2, id, asc]
2022-06-29 20:43:54.271  INFO 12016 --- [http-nio-8080-exec-7] c.academy.car_rental.aop.LoggingAspect   : Response for com.academy.car_rental.service.impl.UserServiceImpl.findAll Result =Page 2 of 2 containing com.academy.car_rental.model.entity.User instances
2022-06-29 20:43:54.272  INFO 12016 --- [http-nio-8080-exec-7] c.academy.car_rental.aop.LoggingAspect   : Response for com.academy.car_rental.controller.UserController.userListByPage 
2022-06-29 20:43:57.070  INFO 12016 --- [http-nio-8080-exec-1] c.academy.car_rental.aop.LoggingAspect   : Request for com.academy.car_rental.controller.UserController.userListByPage() 
2022-06-29 20:43:57.071  INFO 12016 --- [http-nio-8080-exec-1] c.academy.car_rental.aop.LoggingAspect   : Request for com.academy.car_rental.service.impl.UserServiceImpl.findAll() with arguments [s]=[1, id, asc]
2022-06-29 20:43:57.087  INFO 12016 --- [http-nio-8080-exec-1] c.academy.car_rental.aop.LoggingAspect   : Response for com.academy.car_rental.service.impl.UserServiceImpl.findAll Result =Page 1 of 2 containing com.academy.car_rental.model.entity.User instances
2022-06-29 20:43:57.087  INFO 12016 --- [http-nio-8080-exec-1] c.academy.car_rental.aop.LoggingAspect   : Response for com.academy.car_rental.controller.UserController.userListByPage 
